2025-05-13 00:02:07 DEBUG TestNG:82 - suiteXmlPath: "D:\selenium\PageObjectModel\src\test\resources\testRunner\testng_regression.xml"
2025-05-13 00:02:09 DEBUG ChainPluginService:122 - Found configuration entry chaintest.generator.email.enabled, will use chaintest.generator.email.class-name to resolve class
2025-05-13 00:02:09 DEBUG ChainPluginService:122 - Found configuration entry chaintest.generator.simple.enabled, will use chaintest.generator.simple.class-name to resolve class
2025-05-13 00:02:09 DEBUG FileGenerator:73 - Loading template index.ftl for class class com.aventstack.chaintest.generator.ChainTestEmailGenerator with basePackagePath email/
2025-05-13 00:02:10 DEBUG FileGenerator:73 - Loading template index.ftl for class class com.aventstack.chaintest.generator.ChainTestSimpleGenerator with basePackagePath simple
2025-05-13 00:02:10 INFO  Utils:112 - [TestRunner] Running the tests in 'Login Page Test_chrome' with parallel mode:tests
2025-05-13 00:02:10 INFO  Utils:112 - [RunInfo] Adding method selector: org.testng.internal.XmlMethodSelector@f18b738 priority: 10
2025-05-13 00:02:10 INFO  Utils:112 - [TestClass] Creating TestClass for [ClassImpl class=com.qa.opencart.tests.LoginPageTest]
2025-05-13 00:02:10 INFO  Utils:112 - [TestClass] Adding method LoginPageTest.loginPageTitleTest()[pri:0, instance:null] on TestClass class com.qa.opencart.tests.LoginPageTest
2025-05-13 00:02:10 INFO  Utils:112 - [TestClass] Adding method LoginPageTest.loginPageURLTest()[pri:0, instance:null] on TestClass class com.qa.opencart.tests.LoginPageTest
2025-05-13 00:02:10 INFO  Utils:112 - [TestClass] Adding method LoginPageTest.forgotPwdLinkExistTest()[pri:0, instance:null] on TestClass class com.qa.opencart.tests.LoginPageTest
2025-05-13 00:02:10 INFO  Utils:112 - [Utils] MethodGroupsHelper.collectMethodsByGroup() took 2 ms.
2025-05-13 00:02:10 INFO  Utils:112 - [Utils] MethodGroupsHelper.sortMethods() took 3 ms.
2025-05-13 00:02:10 INFO  Utils:112 - [Utils] MethodGroupsHelper.collectMethodsByGroup() took 0 ms.
2025-05-13 00:02:10 INFO  Utils:112 - [Utils] MethodGroupsHelper.sortMethods() took 0 ms.
2025-05-13 00:02:10 INFO  Utils:112 - [XmlMethodSelector] Including method com.qa.opencart.base.setup()
2025-05-13 00:02:10 INFO  Utils:112 - [Utils] MethodGroupsHelper.collectMethodsByGroup() took 16 ms.
2025-05-13 00:02:10 INFO  Utils:112 - [Utils] MethodGroupsHelper.sortMethods() took 21 ms.
2025-05-13 00:02:10 INFO  Utils:112 - [XmlMethodSelector] Including method com.qa.opencart.base.tearDown()
2025-05-13 00:02:10 INFO  Utils:112 - [Utils] MethodGroupsHelper.collectMethodsByGroup() took 0 ms.
2025-05-13 00:02:10 INFO  Utils:112 - [Utils] MethodGroupsHelper.sortMethods() took 0 ms.
2025-05-13 00:02:10 INFO  Utils:112 - [Utils] MethodGroupsHelper.collectMethodsByGroup() took 0 ms.
2025-05-13 00:02:10 INFO  Utils:112 - [Utils] MethodGroupsHelper.sortMethods() took 0 ms.
2025-05-13 00:02:10 INFO  Utils:112 - [Utils] MethodGroupsHelper.collectMethodsByGroup() took 0 ms.
2025-05-13 00:02:10 INFO  Utils:112 - [Utils] MethodGroupsHelper.sortMethods() took 0 ms.
2025-05-13 00:02:10 INFO  Utils:112 - [Utils] MethodGroupsHelper.collectMethodsByGroup() took 0 ms.
2025-05-13 00:02:10 INFO  Utils:112 - [Utils] MethodGroupsHelper.sortMethods() took 0 ms.
2025-05-13 00:02:10 INFO  Utils:112 - [Utils] MethodGroupsHelper.collectMethodsByGroup() took 0 ms.
2025-05-13 00:02:10 INFO  Utils:112 - [Utils] MethodGroupsHelper.sortMethods() took 0 ms.
2025-05-13 00:02:10 INFO  Utils:112 - [Utils] MethodGroupsHelper.collectMethodsByGroup() took 0 ms.
2025-05-13 00:02:10 INFO  Utils:112 - [Utils] MethodGroupsHelper.sortMethods() took 0 ms.
2025-05-13 00:02:10 INFO  Utils:112 - [XmlMethodSelector] Including method com.qa.opencart.base.attachScreenshot()
2025-05-13 00:02:10 INFO  Utils:112 - [Utils] MethodGroupsHelper.collectMethodsByGroup() took 2 ms.
2025-05-13 00:02:10 INFO  Utils:112 - [Utils] MethodGroupsHelper.sortMethods() took 1 ms.
2025-05-13 00:02:10 INFO  Utils:112 - [Utils] MethodGroupsHelper.collectMethodsByGroup() took 0 ms.
2025-05-13 00:02:10 INFO  Utils:112 - [Utils] MethodGroupsHelper.sortMethods() took 0 ms.
2025-05-13 00:02:10 INFO  Utils:112 - [Utils] MethodGroupsHelper.collectMethodsByGroup() took 3 ms.
2025-05-13 00:02:10 INFO  Utils:112 - [Utils] MethodGroupsHelper.sortMethods() took 0 ms.
2025-05-13 00:02:10 INFO  Utils:112 - [XmlMethodSelector] Including method com.qa.opencart.tests.loginPageTitleTest()
2025-05-13 00:02:10 INFO  Utils:112 - [XmlMethodSelector] Including method com.qa.opencart.tests.loginPageURLTest()
2025-05-13 00:02:10 INFO  Utils:112 - [XmlMethodSelector] Including method com.qa.opencart.tests.forgotPwdLinkExistTest()
2025-05-13 00:02:10 INFO  Utils:112 - [Utils] MethodGroupsHelper.collectMethodsByGroup() took 3 ms.
2025-05-13 00:02:11 INFO  Utils:112 - [Utils] MethodGroupsHelper.sortMethods() took 4 ms.
2025-05-13 00:02:11 INFO  Utils:112 - [Utils] MethodGroupsHelper.collectMethodsByGroup() took 0 ms.
2025-05-13 00:02:11 INFO  Utils:112 - [Utils] MethodGroupsHelper.sortMethods() took 0 ms.
2025-05-13 00:02:11 INFO  Utils:112 - [Utils] MethodGroupsHelper.collectMethodsByGroup() took 0 ms.
2025-05-13 00:02:11 INFO  Utils:112 - [Utils] MethodGroupsHelper.sortMethods() took 0 ms.
2025-05-13 00:02:11 INFO  Utils:112 - [TestRunner] Running the tests in 'Accounts Page Test_chrome' with parallel mode:tests
2025-05-13 00:02:11 INFO  Utils:112 - [RunInfo] Adding method selector: org.testng.internal.XmlMethodSelector@1c00d406 priority: 10
2025-05-13 00:02:11 INFO  Utils:112 - [TestClass] Creating TestClass for [ClassImpl class=com.qa.opencart.tests.AccountPageTest]
2025-05-13 00:02:11 INFO  Utils:112 - [TestClass] Adding method AccountPageTest.accPageTitleTest()[pri:0, instance:null] on TestClass class com.qa.opencart.tests.AccountPageTest
2025-05-13 00:02:11 INFO  Utils:112 - [TestClass] Adding method AccountPageTest.accPageURLTest()[pri:0, instance:null] on TestClass class com.qa.opencart.tests.AccountPageTest
2025-05-13 00:02:11 INFO  Utils:112 - [TestClass] Adding method AccountPageTest.accPageHeadersTest()[pri:0, instance:null] on TestClass class com.qa.opencart.tests.AccountPageTest
2025-05-13 00:02:11 INFO  Utils:112 - [Utils] MethodGroupsHelper.collectMethodsByGroup() took 0 ms.
2025-05-13 00:02:11 INFO  Utils:112 - [Utils] MethodGroupsHelper.sortMethods() took 0 ms.
2025-05-13 00:02:11 INFO  Utils:112 - [Utils] MethodGroupsHelper.collectMethodsByGroup() took 0 ms.
2025-05-13 00:02:11 INFO  Utils:112 - [Utils] MethodGroupsHelper.sortMethods() took 0 ms.
2025-05-13 00:02:11 INFO  Utils:112 - [XmlMethodSelector] Including method com.qa.opencart.base.setup()
2025-05-13 00:02:11 INFO  Utils:112 - [Utils] MethodGroupsHelper.collectMethodsByGroup() took 1 ms.
2025-05-13 00:02:11 INFO  Utils:112 - [Utils] MethodGroupsHelper.sortMethods() took 0 ms.
2025-05-13 00:02:11 INFO  Utils:112 - [XmlMethodSelector] Including method com.qa.opencart.base.tearDown()
2025-05-13 00:02:11 INFO  Utils:112 - [Utils] MethodGroupsHelper.collectMethodsByGroup() took 1 ms.
2025-05-13 00:02:11 INFO  Utils:112 - [Utils] MethodGroupsHelper.sortMethods() took 1 ms.
2025-05-13 00:02:11 INFO  Utils:112 - [XmlMethodSelector] Including method com.qa.opencart.tests.accPageSetup()
2025-05-13 00:02:11 INFO  Utils:112 - [Utils] MethodGroupsHelper.collectMethodsByGroup() took 3 ms.
2025-05-13 00:02:11 INFO  Utils:112 - [Utils] MethodGroupsHelper.sortMethods() took 2 ms.
2025-05-13 00:02:11 INFO  Utils:112 - [Utils] MethodGroupsHelper.collectMethodsByGroup() took 0 ms.
2025-05-13 00:02:11 INFO  Utils:112 - [Utils] MethodGroupsHelper.sortMethods() took 0 ms.
2025-05-13 00:02:11 INFO  Utils:112 - [Utils] MethodGroupsHelper.collectMethodsByGroup() took 0 ms.
2025-05-13 00:02:11 INFO  Utils:112 - [Utils] MethodGroupsHelper.sortMethods() took 0 ms.
2025-05-13 00:02:11 INFO  Utils:112 - [Utils] MethodGroupsHelper.collectMethodsByGroup() took 0 ms.
2025-05-13 00:02:11 INFO  Utils:112 - [Utils] MethodGroupsHelper.sortMethods() took 0 ms.
2025-05-13 00:02:11 INFO  Utils:112 - [Utils] MethodGroupsHelper.collectMethodsByGroup() took 0 ms.
2025-05-13 00:02:11 INFO  Utils:112 - [Utils] MethodGroupsHelper.sortMethods() took 0 ms.
2025-05-13 00:02:11 INFO  Utils:112 - [XmlMethodSelector] Including method com.qa.opencart.base.attachScreenshot()
2025-05-13 00:02:11 INFO  Utils:112 - [Utils] MethodGroupsHelper.collectMethodsByGroup() took 2 ms.
2025-05-13 00:02:11 INFO  Utils:112 - [Utils] MethodGroupsHelper.sortMethods() took 0 ms.
2025-05-13 00:02:11 INFO  Utils:112 - [Utils] MethodGroupsHelper.collectMethodsByGroup() took 0 ms.
2025-05-13 00:02:11 INFO  Utils:112 - [Utils] MethodGroupsHelper.sortMethods() took 0 ms.
2025-05-13 00:02:11 INFO  Utils:112 - [Utils] MethodGroupsHelper.collectMethodsByGroup() took 0 ms.
2025-05-13 00:02:11 INFO  Utils:112 - [Utils] MethodGroupsHelper.sortMethods() took 0 ms.
2025-05-13 00:02:11 INFO  Utils:112 - [XmlMethodSelector] Including method com.qa.opencart.tests.accPageTitleTest()
2025-05-13 00:02:11 INFO  Utils:112 - [XmlMethodSelector] Including method com.qa.opencart.tests.accPageURLTest()
2025-05-13 00:02:11 INFO  Utils:112 - [XmlMethodSelector] Including method com.qa.opencart.tests.accPageHeadersTest()
2025-05-13 00:02:11 INFO  Utils:112 - [Utils] MethodGroupsHelper.collectMethodsByGroup() took 2 ms.
2025-05-13 00:02:11 INFO  Utils:112 - [Utils] MethodGroupsHelper.sortMethods() took 2 ms.
2025-05-13 00:02:11 INFO  Utils:112 - [Utils] MethodGroupsHelper.collectMethodsByGroup() took 0 ms.
2025-05-13 00:02:11 INFO  Utils:112 - [Utils] MethodGroupsHelper.sortMethods() took 0 ms.
2025-05-13 00:02:11 INFO  Utils:112 - [Utils] MethodGroupsHelper.collectMethodsByGroup() took 0 ms.
2025-05-13 00:02:11 INFO  Utils:112 - [Utils] MethodGroupsHelper.sortMethods() took 0 ms.
2025-05-13 00:02:11 INFO  Utils:112 - [TestRunner] Running the tests in 'Search Test_chrome' with parallel mode:tests
2025-05-13 00:02:11 INFO  Utils:112 - [RunInfo] Adding method selector: org.testng.internal.XmlMethodSelector@4fd80300 priority: 10
2025-05-13 00:02:11 INFO  Utils:112 - [TestClass] Creating TestClass for [ClassImpl class=com.qa.opencart.tests.SearchTest]
2025-05-13 00:02:11 INFO  Utils:112 - [TestClass] Adding method SearchTest.searchTest()[pri:0, instance:null] on TestClass class com.qa.opencart.tests.SearchTest
2025-05-13 00:02:11 INFO  Utils:112 - [Utils] MethodGroupsHelper.collectMethodsByGroup() took 0 ms.
2025-05-13 00:02:11 INFO  Utils:112 - [Utils] MethodGroupsHelper.sortMethods() took 0 ms.
2025-05-13 00:02:11 INFO  Utils:112 - [Utils] MethodGroupsHelper.collectMethodsByGroup() took 0 ms.
2025-05-13 00:02:11 INFO  Utils:112 - [Utils] MethodGroupsHelper.sortMethods() took 0 ms.
2025-05-13 00:02:11 INFO  Utils:112 - [XmlMethodSelector] Including method com.qa.opencart.base.setup()
2025-05-13 00:02:11 INFO  Utils:112 - [Utils] MethodGroupsHelper.collectMethodsByGroup() took 0 ms.
2025-05-13 00:02:11 INFO  Utils:112 - [Utils] MethodGroupsHelper.sortMethods() took 1 ms.
2025-05-13 00:02:11 INFO  Utils:112 - [XmlMethodSelector] Including method com.qa.opencart.base.tearDown()
2025-05-13 00:02:11 INFO  Utils:112 - [Utils] MethodGroupsHelper.collectMethodsByGroup() took 2 ms.
2025-05-13 00:02:11 INFO  Utils:112 - [Utils] MethodGroupsHelper.sortMethods() took 1 ms.
2025-05-13 00:02:11 INFO  Utils:112 - [XmlMethodSelector] Including method com.qa.opencart.tests.searchSetup()
2025-05-13 00:02:11 INFO  Utils:112 - [Utils] MethodGroupsHelper.collectMethodsByGroup() took 2 ms.
2025-05-13 00:02:11 INFO  Utils:112 - [Utils] MethodGroupsHelper.sortMethods() took 1 ms.
2025-05-13 00:02:11 INFO  Utils:112 - [Utils] MethodGroupsHelper.collectMethodsByGroup() took 0 ms.
2025-05-13 00:02:11 INFO  Utils:112 - [Utils] MethodGroupsHelper.sortMethods() took 0 ms.
2025-05-13 00:02:11 INFO  Utils:112 - [Utils] MethodGroupsHelper.collectMethodsByGroup() took 0 ms.
2025-05-13 00:02:11 INFO  Utils:112 - [Utils] MethodGroupsHelper.sortMethods() took 0 ms.
2025-05-13 00:02:11 INFO  Utils:112 - [Utils] MethodGroupsHelper.collectMethodsByGroup() took 0 ms.
2025-05-13 00:02:11 INFO  Utils:112 - [Utils] MethodGroupsHelper.sortMethods() took 0 ms.
2025-05-13 00:02:11 INFO  Utils:112 - [Utils] MethodGroupsHelper.collectMethodsByGroup() took 0 ms.
2025-05-13 00:02:11 INFO  Utils:112 - [Utils] MethodGroupsHelper.sortMethods() took 0 ms.
2025-05-13 00:02:11 INFO  Utils:112 - [XmlMethodSelector] Including method com.qa.opencart.base.attachScreenshot()
2025-05-13 00:02:11 INFO  Utils:112 - [Utils] MethodGroupsHelper.collectMethodsByGroup() took 0 ms.
2025-05-13 00:02:11 INFO  Utils:112 - [Utils] MethodGroupsHelper.sortMethods() took 0 ms.
2025-05-13 00:02:11 INFO  Utils:112 - [Utils] MethodGroupsHelper.collectMethodsByGroup() took 0 ms.
2025-05-13 00:02:11 INFO  Utils:112 - [Utils] MethodGroupsHelper.sortMethods() took 0 ms.
2025-05-13 00:02:11 INFO  Utils:112 - [Utils] MethodGroupsHelper.collectMethodsByGroup() took 0 ms.
2025-05-13 00:02:11 INFO  Utils:112 - [Utils] MethodGroupsHelper.sortMethods() took 1 ms.
2025-05-13 00:02:11 INFO  Utils:112 - [XmlMethodSelector] Including method com.qa.opencart.tests.searchTest()
2025-05-13 00:02:11 INFO  Utils:112 - [Utils] MethodGroupsHelper.collectMethodsByGroup() took 0 ms.
2025-05-13 00:02:11 INFO  Utils:112 - [Utils] MethodGroupsHelper.sortMethods() took 0 ms.
2025-05-13 00:02:11 INFO  Utils:112 - [Utils] MethodGroupsHelper.collectMethodsByGroup() took 0 ms.
2025-05-13 00:02:11 INFO  Utils:112 - [Utils] MethodGroupsHelper.sortMethods() took 1 ms.
2025-05-13 00:02:11 INFO  Utils:112 - [Utils] MethodGroupsHelper.collectMethodsByGroup() took 0 ms.
2025-05-13 00:02:11 INFO  Utils:112 - [Utils] MethodGroupsHelper.sortMethods() took 0 ms.
2025-05-13 00:02:11 INFO  Utils:112 - [TestNG] Running:
  D:\selenium\PageObjectModel\src\test\resources\testRunner\testng_regression.xml

2025-05-13 00:02:11 INFO  Utils:112 - [SuiteRunner] Created 3 TestRunners
2025-05-13 00:02:11 INFO  Utils:112 - [ThreadUtil] Starting executor timeOut:2147483647ms workers:3 threadPoolSize:3
2025-05-13 00:02:11 INFO  Utils:112 - [[SuiteWorker]] Running XML Test 'Accounts Page Test_chrome' in Parallel
2025-05-13 00:02:11 INFO  Utils:112 - [[SuiteWorker]] Running XML Test 'Search Test_chrome' in Parallel
2025-05-13 00:02:11 INFO  Utils:112 - [[SuiteWorker]] Running XML Test 'Login Page Test_chrome' in Parallel
2025-05-13 00:02:11 INFO  Utils:112 - [TestRunner] Running test Search Test_chrome on 1  classes,  included groups:[] excluded groups:[]
2025-05-13 00:02:11 INFO  Utils:112 - [TestRunner] Running test Accounts Page Test_chrome on 1  classes,  included groups:[] excluded groups:[]
2025-05-13 00:02:11 INFO  Utils:112 - [TestRunner] Running test Login Page Test_chrome on 1  classes,  included groups:[] excluded groups:[]
2025-05-13 00:02:11 INFO  TestClass:112 - ===== Test class
com.qa.opencart.tests.AccountPageTest
2025-05-13 00:02:11 INFO  TestClass:112 - ===== Test class
com.qa.opencart.tests.LoginPageTest
2025-05-13 00:02:11 INFO  TestClass:112 - ===== Test class
com.qa.opencart.tests.SearchTest
2025-05-13 00:02:11 INFO  TestClass:112 -   @BeforeClass AccountPageTest.accPageSetup()[pri:0, instance:com.qa.opencart.tests.AccountPageTest@352f6727]
2025-05-13 00:02:11 INFO  TestClass:112 -     @Test AccountPageTest.accPageTitleTest()[pri:0, instance:com.qa.opencart.tests.AccountPageTest@352f6727]
2025-05-13 00:02:11 INFO  TestClass:112 -     @Test AccountPageTest.accPageURLTest()[pri:0, instance:com.qa.opencart.tests.AccountPageTest@352f6727]
2025-05-13 00:02:11 INFO  TestClass:112 -     @Test LoginPageTest.loginPageTitleTest()[pri:0, instance:com.qa.opencart.tests.LoginPageTest@1c7f6e96]
2025-05-13 00:02:11 INFO  TestClass:112 -     @Test AccountPageTest.accPageHeadersTest()[pri:0, instance:com.qa.opencart.tests.AccountPageTest@352f6727]
2025-05-13 00:02:11 INFO  TestClass:112 -     @Test LoginPageTest.loginPageURLTest()[pri:0, instance:com.qa.opencart.tests.LoginPageTest@1c7f6e96]
2025-05-13 00:02:11 INFO  TestClass:112 -   @BeforeClass SearchTest.searchSetup()[pri:0, instance:com.qa.opencart.tests.SearchTest@63f2e0b]
2025-05-13 00:02:11 INFO  TestClass:112 -   @AfterMethod BaseTest.attachScreenshot(org.testng.ITestResult)[pri:0, instance:com.qa.opencart.tests.AccountPageTest@352f6727]
2025-05-13 00:02:11 INFO  TestClass:112 -     @Test LoginPageTest.forgotPwdLinkExistTest()[pri:0, instance:com.qa.opencart.tests.LoginPageTest@1c7f6e96]
2025-05-13 00:02:11 INFO  TestClass:112 - ======
2025-05-13 00:02:11 INFO  TestClass:112 -     @Test SearchTest.searchTest()[pri:0, instance:com.qa.opencart.tests.SearchTest@63f2e0b]
2025-05-13 00:02:11 INFO  TestClass:112 -   @AfterMethod BaseTest.attachScreenshot(org.testng.ITestResult)[pri:0, instance:com.qa.opencart.tests.LoginPageTest@1c7f6e96]
2025-05-13 00:02:11 INFO  TestClass:112 -   @AfterMethod BaseTest.attachScreenshot(org.testng.ITestResult)[pri:0, instance:com.qa.opencart.tests.SearchTest@63f2e0b]
2025-05-13 00:02:11 INFO  TestClass:112 - ======
2025-05-13 00:02:11 INFO  TestClass:112 - ======
2025-05-13 00:02:11 INFO  Utils:112 - [Invoker 1370456137] Invoking @BeforeTest BaseTest.setup(java.lang.String)[pri:0, instance:com.qa.opencart.tests.LoginPageTest@1c7f6e96]
2025-05-13 00:02:11 INFO  Utils:112 - [Invoker 1073835233] Invoking @BeforeTest BaseTest.setup(java.lang.String)[pri:0, instance:com.qa.opencart.tests.SearchTest@63f2e0b]
2025-05-13 00:02:11 INFO  Utils:112 - [Invoker 177901251] Invoking @BeforeTest BaseTest.setup(java.lang.String)[pri:0, instance:com.qa.opencart.tests.AccountPageTest@352f6727]
2025-05-13 00:02:11 WARN  DriverFactory:104 - env is null, hence running the tests on QA env by default...
2025-05-13 00:02:11 WARN  DriverFactory:104 - env is null, hence running the tests on QA env by default...
2025-05-13 00:02:11 WARN  DriverFactory:104 - env is null, hence running the tests on QA env by default...
2025-05-13 00:02:11 INFO  DriverFactory:41 - properties: {headless=false, highlight=false, password=Test@123, browser=firefox, incognito=false, url=https://naveenautomationlabs.com/opencart/index.php?route=account/login, username=swanand@test.com}
2025-05-13 00:02:11 INFO  DriverFactory:41 - properties: {headless=false, highlight=false, password=Test@123, browser=chrome, incognito=false, url=https://naveenautomationlabs.com/opencart/index.php?route=account/login, username=swanand@test.com}
2025-05-13 00:02:11 INFO  DriverFactory:45 - browser name : firefox
2025-05-13 00:02:11 INFO  DriverFactory:45 - browser name : chrome
2025-05-13 00:02:11 INFO  DriverFactory:41 - properties: {headless=false, highlight=false, password=Test@123, browser=chrome, incognito=false, url=https://naveenautomationlabs.com/opencart/index.php?route=account/login, username=swanand@test.com}
2025-05-13 00:02:11 INFO  DriverFactory:45 - browser name : chrome
2025-05-13 00:02:18 INFO  Utils:112 - [Utils] DynamicGraphHelper.createDynamicGraph() took 28 ms.
2025-05-13 00:02:18 INFO  Utils:112 - [Invoker 177901251] Invoking @BeforeClass AccountPageTest.accPageSetup()[pri:0, instance:com.qa.opencart.tests.AccountPageTest@352f6727]
2025-05-13 00:02:18 INFO  Utils:112 - [Utils] DynamicGraphHelper.createDynamicGraph() took 0 ms.
2025-05-13 00:02:18 INFO  Utils:112 - [Invoker 1370456137] Invoking com.qa.opencart.tests.LoginPageTest.forgotPwdLinkExistTest
2025-05-13 00:02:19 INFO  Utils:112 - [Invoker 1370456137] Invoking @AfterMethod BaseTest.attachScreenshot(org.testng.ITestResult)[pri:0, instance:com.qa.opencart.tests.LoginPageTest@1c7f6e96]
2025-05-13 00:02:19 INFO  Utils:112 - [Invoker 1370456137] Invoking com.qa.opencart.tests.LoginPageTest.loginPageTitleTest
2025-05-13 00:02:19 INFO  Utils:112 - [Invoker 1370456137] Invoking @AfterMethod BaseTest.attachScreenshot(org.testng.ITestResult)[pri:0, instance:com.qa.opencart.tests.LoginPageTest@1c7f6e96]
2025-05-13 00:02:19 INFO  Utils:112 - [Invoker 1370456137] Invoking com.qa.opencart.tests.LoginPageTest.loginPageURLTest
2025-05-13 00:02:19 INFO  Utils:112 - [Invoker 1370456137] Invoking @AfterMethod BaseTest.attachScreenshot(org.testng.ITestResult)[pri:0, instance:com.qa.opencart.tests.LoginPageTest@1c7f6e96]
2025-05-13 00:02:19 INFO  Utils:112 - [Invoker 1370456137] Invoking @AfterTest BaseTest.tearDown()[pri:0, instance:com.qa.opencart.tests.LoginPageTest@1c7f6e96]
2025-05-13 00:02:20 INFO  BaseTest:82 - ----closing the browser----
2025-05-13 00:02:20 INFO  Utils:112 - [Invoker 177901251] Invoking com.qa.opencart.tests.AccountPageTest.accPageHeadersTest
2025-05-13 00:02:20 INFO  AccountsPage:55 - Acc page headers: [My Account, My Orders, My Affiliate Account, Newsletter]
2025-05-13 00:02:20 INFO  Utils:112 - [Invoker 177901251] Invoking @AfterMethod BaseTest.attachScreenshot(org.testng.ITestResult)[pri:0, instance:com.qa.opencart.tests.AccountPageTest@352f6727]
2025-05-13 00:02:20 INFO  Utils:112 - [Invoker 177901251] Invoking com.qa.opencart.tests.AccountPageTest.accPageTitleTest
2025-05-13 00:02:20 INFO  AccountsPage:36 - home page title: My Account
2025-05-13 00:02:20 INFO  Utils:112 - [Invoker 177901251] Invoking @AfterMethod BaseTest.attachScreenshot(org.testng.ITestResult)[pri:0, instance:com.qa.opencart.tests.AccountPageTest@352f6727]
2025-05-13 00:02:20 INFO  Utils:112 - [Invoker 177901251] Invoking com.qa.opencart.tests.AccountPageTest.accPageURLTest
2025-05-13 00:02:21 INFO  AccountsPage:43 - home page url: https://naveenautomationlabs.com/opencart/index.php?route=account/account
2025-05-13 00:02:21 INFO  Utils:112 - [Invoker 177901251] Invoking @AfterMethod BaseTest.attachScreenshot(org.testng.ITestResult)[pri:0, instance:com.qa.opencart.tests.AccountPageTest@352f6727]
2025-05-13 00:02:21 INFO  Utils:112 - [Invoker 177901251] Invoking @AfterTest BaseTest.tearDown()[pri:0, instance:com.qa.opencart.tests.AccountPageTest@352f6727]
2025-05-13 00:02:22 INFO  BaseTest:82 - ----closing the browser----
2025-05-13 00:02:25 INFO  Utils:112 - [Utils] DynamicGraphHelper.createDynamicGraph() took 0 ms.
2025-05-13 00:02:25 INFO  Utils:112 - [Invoker 1073835233] Invoking @BeforeClass SearchTest.searchSetup()[pri:0, instance:com.qa.opencart.tests.SearchTest@63f2e0b]
2025-05-13 00:02:26 INFO  Utils:112 - [Invoker 1073835233] Invoking com.qa.opencart.tests.SearchTest.searchTest
2025-05-13 00:02:26 INFO  AccountsPage:62 - search key: macbook
2025-05-13 00:02:27 INFO  Utils:112 - [Invoker 1073835233] Invoking @AfterMethod BaseTest.attachScreenshot(org.testng.ITestResult)[pri:0, instance:com.qa.opencart.tests.SearchTest@63f2e0b]
2025-05-13 00:02:27 INFO  Utils:112 - [Invoker 1073835233] Invoking @AfterTest BaseTest.tearDown()[pri:0, instance:com.qa.opencart.tests.SearchTest@63f2e0b]
2025-05-13 00:02:29 INFO  BaseTest:82 - ----closing the browser----
2025-05-13 00:02:30 INFO  Utils:112 - [TestNG] Time taken by org.testng.internal.ExitCodeListener@481ed95c: 0 ms
